// 重构日志: 5796d5ca
// 重构日志: ebc4cf30
// 重构日志: 84e1ad15
// 重构日志: 95501ef2
// 同步 ID: 31d3b3e5 @ Tue May 12 16:56:00 UTC 2026
// 重构日志: 19a45858
// 同步 ID: 94aa8175 @ Thu May 14 21:40:27 UTC 2026
// 重构日志: 470977a7
// 重构日志: 05da862b
// 重构日志: 0ea551ff
// 重构日志: a902cf2f
// 同步 ID: 1b658c18 @ Fri May 22 11:02:35 UTC 2026
// 同步 ID: 3eb83a13 @ Sat May 23 12:07:54 UTC 2026
// 重构日志: bf736893
// 重构日志: 2c995bd2
// 重构日志: f177bad7
// 重构日志: df0df5a0
// 重构日志: ad75a8af
// 重构日志: 6abb32de
// 同步 ID: 619888c6 @ Mon Jun  1 04:18:43 UTC 2026
// 重构日志: 39ebb5f6
// 同步 ID: 9bb69386 @ Tue Jun  2 10:25:51 UTC 2026
// 同步 ID: 5b52ca41 @ Thu Jun  4 03:04:08 UTC 2026
// 重构日志: 2f618275
// 同步 ID: 58ea81b4 @ Sun Jun  7 04:04:54 UTC 2026
// 同步 ID: 2af9acbb @ Sun Jun  7 15:36:32 UTC 2026
// 重构日志: 57de7332
// 同步 ID: cb6ad64f @ Tue Jun  9 12:31:40 UTC 2026
// 重构日志: 0fcd1361
// 同步 ID: 9ee042c6 @ Wed Jun 10 07:03:18 UTC 2026
// 重构日志: 88c56fc1
// 重构日志: bc38cd8c
// 重构日志: 3b972923
